\BOOKMARK [1][-]{section.1}{\376\377\000I\000n\000t\000r\000o\000d\000u\000c\000t\000i\000o\000n}{}% 1
\BOOKMARK [2][-]{subsection.1.1}{\376\377\000B\000a\000c\000k\000g\000r\000o\000u\000n\000d}{section.1}% 2
\BOOKMARK [2][-]{subsection.1.2}{\376\377\000L\000i\000t\000e\000r\000a\000t\000u\000r\000e\000\040\000R\000e\000v\000i\000e\000w}{section.1}% 3
\BOOKMARK [2][-]{subsection.1.3}{\376\377\000C\000l\000a\000r\000i\000f\000i\000c\000a\000t\000i\000o\000n\000s\000\040\000a\000n\000d\000\040\000R\000e\000s\000t\000a\000t\000e\000m\000e\000n\000t\000s}{section.1}% 4
\BOOKMARK [2][-]{subsection.1.4}{\376\377\000O\000u\000r\000\040\000W\000o\000r\000k}{section.1}% 5
\BOOKMARK [1][-]{section.2}{\376\377\000A\000s\000s\000u\000m\000p\000t\000i\000o\000n\000s}{}% 6
\BOOKMARK [2][-]{subsection.2.1}{\376\377\000T\000a\000s\000k\000\040\0001}{section.2}% 7
\BOOKMARK [1][-]{section.3}{\376\377\000N\000o\000t\000a\000t\000i\000o\000n\000s}{}% 8
\BOOKMARK [1][-]{section.4}{\376\377\000M\000o\000d\000e\000l\000\040\000I\000:\000\040\000B\000a\000y\000e\000s\000i\000a\000n\000\040\000R\000e\000c\000o\000n\000s\000t\000r\000u\000c\000t\000i\000o\000n\000\040\000o\000f\000\040\000F\000a\000n\000\040\000V\000o\000t\000i\000n\000g\000\040\000D\000i\000s\000t\000r\000i\000b\000u\000t\000i\000o\000n}{}% 9
\BOOKMARK [2][-]{subsection.4.1}{\376\377\000P\000r\000o\000b\000l\000e\000m\000\040\000F\000o\000r\000m\000u\000l\000a\000t\000i\000o\000n}{section.4}% 10
\BOOKMARK [2][-]{subsection.4.2}{\376\377\000M\000a\000t\000h\000e\000m\000a\000t\000i\000c\000a\000l\000\040\000M\000o\000d\000e\000l}{section.4}% 11
\BOOKMARK [3][-]{subsubsection.4.2.1}{\376\377\000T\000h\000e\000\040\000M\000i\000x\000t\000u\000r\000e\000\040\000M\000e\000a\000n\000\040\000H\000y\000p\000o\000t\000h\000e\000s\000i\000s}{subsection.4.2}% 12
\BOOKMARK [3][-]{subsubsection.4.2.2}{\376\377\000P\000r\000o\000b\000a\000b\000i\000l\000i\000s\000t\000i\000c\000\040\000G\000e\000n\000e\000r\000a\000t\000i\000v\000e\000\040\000P\000r\000o\000c\000e\000s\000s\000\040\000\050\000T\000h\000e\000\040\000P\000r\000i\000o\000r\000\051}{subsection.4.2}% 13
\BOOKMARK [3][-]{subsubsection.4.2.3}{\376\377\000C\000o\000n\000s\000t\000r\000a\000i\000n\000t\000s\000\040\000a\000s\000\040\000L\000i\000k\000e\000l\000i\000h\000o\000o\000d\000\040\000F\000u\000n\000c\000t\000i\000o\000n\000s}{subsection.4.2}% 14
\BOOKMARK [2][-]{subsection.4.3}{\376\377\000S\000o\000l\000u\000t\000i\000o\000n\000\040\000A\000l\000g\000o\000r\000i\000t\000h\000m\000:\000\040\000I\000t\000e\000r\000a\000t\000i\000v\000e\000\040\000I\000n\000v\000e\000r\000s\000e\000\040\000S\000o\000l\000v\000i\000n\000g}{section.4}% 15
\BOOKMARK [3][-]{subsubsection.4.3.1}{\376\377\000P\000h\000a\000s\000e\000\040\000I\000:\000\040\000P\000a\000r\000a\000m\000e\000t\000e\000r\000\040\000E\000s\000t\000i\000m\000a\000t\000i\000o\000n\000\040\000\050\000G\000l\000o\000b\000a\000l\000\040\000S\000o\000l\000v\000e\000r\000\051}{subsection.4.3}% 16
\BOOKMARK [3][-]{subsubsection.4.3.2}{\376\377\000P\000h\000a\000s\000e\000\040\000I\000I\000:\000\040\000P\000o\000s\000t\000e\000r\000i\000o\000r\000\040\000I\000n\000f\000e\000r\000e\000n\000c\000e}{subsection.4.3}% 17
\BOOKMARK [2][-]{subsection.4.4}{\376\377\000M\000o\000d\000e\000l\000\040\000R\000e\000s\000u\000l\000t\000\040\000a\000n\000d\000\040\000V\000a\000l\000i\000d\000a\000t\000i\000o\000n}{section.4}% 18
\BOOKMARK [3][-]{subsubsection.4.4.1}{\376\377\000C\000o\000n\000s\000i\000s\000t\000e\000n\000c\000y\000\040\000V\000e\000r\000i\000f\000i\000c\000a\000t\000i\000o\000n}{subsection.4.4}% 19
\BOOKMARK [3][-]{subsubsection.4.4.2}{\376\377\000C\000e\000r\000t\000a\000i\000n\000t\000y\000\040\000Q\000u\000a\000n\000t\000i\000f\000i\000c\000a\000t\000i\000o\000n}{subsection.4.4}% 20
\BOOKMARK [2][-]{subsection.4.5}{\376\377\000C\000a\000s\000e\000\040\000S\000t\000u\000d\000y\000\040\000V\000a\000l\000i\000d\000a\000t\000i\000o\000n\000:\000\040\000T\000h\000e\000\040\000J\000e\000r\000r\000y\000\040\000R\000i\000c\000e\000\040\000C\000o\000n\000t\000r\000o\000v\000e\000r\000s\000y}{section.4}% 21
\BOOKMARK [1][-]{section.5}{\376\377\000M\000o\000d\000e\000l\000\040\000I\000I\000:\000\040\000A\000n\000a\000l\000y\000s\000i\000s\000\040\000o\000f\000\040\000C\000e\000l\000e\000b\000r\000i\000t\000y\000\040\000C\000h\000a\000r\000a\000c\000t\000e\000r\000i\000s\000t\000i\000c\000s\000\040\000a\000n\000d\000\040\000P\000r\000o\000f\000e\000s\000s\000i\000o\000n\000a\000l\000\040\000P\000a\000r\000t\000n\000e\000r\000s}{}% 22
\BOOKMARK [2][-]{subsection.5.1}{\376\377\000A\000s\000s\000u\000m\000p\000t\000i\000o\000n\000s}{section.5}% 23
\BOOKMARK [3][-]{subsubsection.5.1.1}{\376\377\000F\000e\000a\000t\000u\000r\000e\000\040\000I\000n\000t\000e\000r\000p\000r\000e\000t\000a\000t\000i\000o\000n\000\040\000a\000n\000d\000\040\000E\000n\000g\000i\000n\000e\000e\000r\000i\000n\000g}{subsection.5.1}% 24
\BOOKMARK [3][-]{subsubsection.5.1.2}{\376\377\000C\000e\000l\000e\000b\000r\000i\000t\000y\000\040\000I\000n\000d\000u\000s\000t\000r\000y}{subsection.5.1}% 25
\BOOKMARK [3][-]{subsubsection.5.1.3}{\376\377\000A\000g\000e\000\040\000B\000u\000c\000k\000e\000t\000s}{subsection.5.1}% 26
\BOOKMARK [3][-]{subsubsection.5.1.4}{\376\377\000N\000a\000t\000i\000o\000n\000a\000l\000i\000t\000y}{subsection.5.1}% 27
\BOOKMARK [3][-]{subsubsection.5.1.5}{\376\377\000P\000r\000o\000f\000e\000s\000s\000i\000o\000n\000a\000l\000\040\000P\000a\000r\000t\000n\000e\000r\000\040\000S\000t\000r\000e\000n\000g\000t\000h}{subsection.5.1}% 28
\BOOKMARK [3][-]{subsubsection.5.1.6}{\376\377\000B\000a\000s\000e\000\040\000P\000o\000p\000u\000l\000a\000r\000i\000t\000y}{subsection.5.1}% 29
\BOOKMARK [3][-]{subsubsection.5.1.7}{\376\377\000T\000a\000r\000g\000e\000t\000\040\000V\000a\000r\000i\000a\000b\000l\000e\000:\000\040\000N\000o\000r\000m\000a\000l\000i\000z\000e\000d\000\040\000P\000l\000a\000c\000e\000m\000e\000n\000t}{subsection.5.1}% 30
\BOOKMARK [2][-]{subsection.5.2}{\376\377\000C\000o\000r\000e\000\040\000M\000o\000d\000e\000l\000\040\000C\000o\000n\000s\000t\000r\000u\000c\000t\000i\000o\000n}{section.5}% 31
\BOOKMARK [2][-]{subsection.5.3}{\376\377\000V\000a\000l\000i\000d\000a\000t\000i\000o\000n\000\040\000S\000t\000r\000a\000t\000e\000g\000y\000\040\000a\000n\000d\000\040\000M\000e\000t\000r\000i\000c\000s}{section.5}% 32
\BOOKMARK [2][-]{subsection.5.4}{\376\377\000R\000e\000s\000u\000l\000t\000s\000\040\000a\000n\000d\000\040\000D\000i\000s\000c\000u\000s\000s\000i\000o\000n}{section.5}% 33
\BOOKMARK [3][-]{subsubsection.5.4.1}{\376\377\000M\000o\000d\000e\000l\000\040\000P\000e\000r\000f\000o\000r\000m\000a\000n\000c\000e}{subsection.5.4}% 34
\BOOKMARK [3][-]{subsubsection.5.4.2}{\376\377\000A\000n\000a\000l\000y\000s\000i\000s\000\040\000o\000f\000\040\000C\000h\000a\000r\000a\000c\000t\000e\000r\000i\000s\000t\000i\000c\000s\000\040\000o\000n\000\040\000C\000o\000n\000t\000e\000s\000t\000a\000n\000t\000\040\000S\000u\000c\000c\000e\000s\000s}{subsection.5.4}% 35
\BOOKMARK [3][-]{subsubsection.5.4.3}{\376\377\000C\000o\000m\000p\000a\000r\000a\000t\000i\000v\000e\000\040\000I\000m\000p\000a\000c\000t\000\040\000o\000n\000\040\000J\000u\000d\000g\000e\000s\000\040\000v\000s\000.\000\040\000F\000a\000n\000s}{subsection.5.4}% 36
\BOOKMARK [1][-]{section.6}{\376\377\000M\000o\000d\000e\000l\000\040\000I\000I\000I\000:\000\040\000M\000a\000c\000r\000o\000-\000C\000o\000m\000p\000a\000r\000a\000t\000i\000v\000e\000\040\000A\000n\000a\000l\000y\000s\000i\000s\000\040\000o\000f\000\040\000A\000g\000g\000r\000e\000g\000a\000t\000i\000o\000n\000\040\000R\000u\000l\000e\000s}{}% 37
\BOOKMARK [2][-]{subsection.6.1}{\376\377\000P\000r\000o\000b\000l\000e\000m\000\040\000F\000o\000r\000m\000u\000l\000a\000t\000i\000o\000n\000\040\000a\000n\000d\000\040\000S\000i\000m\000u\000l\000a\000t\000i\000o\000n\000\040\000F\000r\000a\000m\000e\000w\000o\000r\000k}{section.6}% 38
\BOOKMARK [3][-]{subsubsection.6.1.1}{\376\377\000D\000a\000t\000a\000\040\000S\000t\000a\000n\000d\000a\000r\000d\000i\000z\000a\000t\000i\000o\000n\000\040\000a\000n\000d\000\040\000D\000u\000a\000l\000-\000T\000r\000a\000c\000k\000\040\000S\000i\000m\000u\000l\000a\000t\000i\000o\000n}{subsection.6.1}% 39
\BOOKMARK [2][-]{subsection.6.2}{\376\377\000Q\000u\000a\000n\000t\000i\000f\000y\000i\000n\000g\000\040\000B\000i\000a\000s\000:\000\040\000T\000h\000e\000\040\000F\000a\000n\000\040\000D\000e\000v\000i\000a\000t\000i\000o\000n\000\040\000I\000n\000d\000e\000x\000\040\000\050\000F\000D\000I\000\051}{section.6}% 40
\BOOKMARK [3][-]{subsubsection.6.2.1}{\376\377\000R\000e\000s\000u\000l\000t\000s\000:\000\040\000T\000h\000e\000\040\000V\000a\000r\000i\000a\000n\000c\000e\000\040\000S\000u\000p\000p\000r\000e\000s\000s\000i\000o\000n\000\040\000H\000y\000p\000o\000t\000h\000e\000s\000i\000s}{subsection.6.2}% 41
\BOOKMARK [1][-]{section.7}{\376\377\000S\000e\000n\000s\000i\000t\000i\000v\000i\000t\000y\000\040\000A\000n\000a\000l\000y\000s\000i\000s\000\040\000a\000n\000d\000\040\000P\000o\000l\000i\000c\000y\000\040\000O\000p\000t\000i\000m\000i\000z\000a\000t\000i\000o\000n}{}% 42
\BOOKMARK [2][-]{subsection.7.1}{\376\377\000M\000e\000c\000h\000a\000n\000i\000s\000m\000\040\000S\000t\000r\000e\000s\000s\000\040\000T\000e\000s\000t\000:\000\040\000A\000n\000a\000l\000y\000s\000i\000s\000\040\000o\000f\000\040\000"\000C\000o\000n\000t\000r\000o\000v\000e\000r\000s\000i\000a\000l\000\040\000S\000u\000r\000v\000i\000v\000o\000r\000s\000"}{section.7}% 43
\BOOKMARK [2][-]{subsection.7.2}{\376\377\000M\000u\000l\000t\000i\000-\000O\000b\000j\000e\000c\000t\000i\000v\000e\000\040\000E\000v\000a\000l\000u\000a\000t\000i\000o\000n\000\040\000S\000y\000s\000t\000e\000m}{section.7}% 44
\BOOKMARK [2][-]{subsection.7.3}{\376\377\000P\000o\000l\000i\000c\000y\000\040\000R\000e\000c\000o\000m\000m\000e\000n\000d\000a\000t\000i\000o\000n}{section.7}% 45
\BOOKMARK [1][-]{section.8}{\376\377\000M\000e\000m\000o\000\040\000\046\000\040\000I\000n\000s\000i\000g\000h\000t\000s}{}% 46
\BOOKMARK [1][-]{section.9}{\376\377\000M\000o\000d\000e\000l\000\040\000E\000v\000a\000l\000u\000a\000t\000i\000o\000n\000\040\000a\000n\000d\000\040\000P\000r\000o\000m\000o\000t\000i\000o\000n}{}% 47
\BOOKMARK [2][-]{subsection.9.1}{\376\377\000M\000o\000d\000e\000l\000\040\000E\000v\000a\000l\000u\000a\000t\000i\000o\000n}{section.9}% 48
\BOOKMARK [3][-]{subsubsection.9.1.1}{\376\377\000A\000d\000v\000a\000n\000t\000a\000g\000e\000s}{subsection.9.1}% 49
\BOOKMARK [3][-]{subsubsection.9.1.2}{\376\377\000L\000i\000m\000i\000t\000a\000t\000i\000o\000n\000s}{subsection.9.1}% 50
\BOOKMARK [2][-]{subsection.9.2}{\376\377\000F\000u\000t\000u\000r\000e\000\040\000W\000o\000r\000k}{section.9}% 51
\BOOKMARK [3][-]{subsubsection.9.2.1}{\376\377\000M\000o\000d\000e\000l\000\040\000E\000x\000t\000e\000n\000s\000i\000o\000n}{subsection.9.2}% 52
\BOOKMARK [3][-]{subsubsection.9.2.2}{\376\377\000M\000o\000d\000e\000l\000\040\000A\000p\000p\000l\000i\000c\000a\000t\000i\000o\000n}{subsection.9.2}% 53
\BOOKMARK [1][-]{section.10}{\376\377\000C\000o\000n\000c\000l\000u\000s\000i\000o\000n\000s}{}% 54
